# JRE version: OpenJDK Runtime Environment (8.0_202) (build 1.8.0_202-release-1483-b49-5587405)
# Java VM: OpenJDK 64-Bit Server VM (25.202-b49-5587405 mixed mode bsd-amd64 compressed oops)
Heap:
 PSYoungGen      total 479744K, used 468196K [0x00000007a0000000, 0x00000007c0000000, 0x00000007c0000000)
  eden space 440832K, 100% used [0x00000007a0000000,0x00000007bae80000,0x00000007bae80000)
  from space 38912K, 70% used [0x00000007bae80000,0x00000007bc939028,0x00000007bd480000)
  to   space 41472K, 18% used [0x00000007bd780000,0x00000007bdf2a928,0x00000007c0000000)
 ParOldGen       total 354304K, used 308314K [0x0000000760000000, 0x0000000775a00000, 0x00000007a0000000)
  object space 354304K, 87% used [0x0000000760000000,0x0000000772d16830,0x0000000775a00000)
 Metaspace       used 91528K, capacity 97942K, committed 98136K, reserved 1134592K
  class space    used 11607K, capacity 12653K, committed 12672K, reserved 1048576K
GC Heap History (10 events):
Event: 5730.641 GC heap after
Heap after GC invocations=85 (full 6):
 PSYoungGen      total 470016K, used 7168K [0x00000007a0000000, 0x00000007bfc80000, 0x00000007c0000000)
  eden space 422400K, 0% used [0x00000007a0000000,0x00000007a0000000,0x00000007b9c80000)
  from space 47616K, 15% used [0x00000007b9c80000,0x00000007ba380000,0x00000007bcb00000)
  to   space 45568K, 0% used [0x00000007bd000000,0x00000007bd000000,0x00000007bfc80000)
 ParOldGen       total 354304K, used 255955K [0x0000000760000000, 0x0000000775a00000, 0x00000007a0000000)
  object space 354304K, 72% used [0x0000000760000000,0x000000076f9f4fd0,0x0000000775a00000)
 Metaspace       used 91515K, capacity 97938K, committed 98136K, reserved 1134592K
  class space    used 11607K, capacity 12653K, committed 12672K, reserved 1048576K
}
Event: 5731.264 GC heap before
{Heap before GC invocations=86 (full 6):
 PSYoungGen      total 470016K, used 429568K [0x00000007a0000000, 0x00000007bfc80000, 0x00000007c0000000)
  eden space 422400K, 100% used [0x00000007a0000000,0x00000007b9c80000,0x00000007b9c80000)
  from space 47616K, 15% used [0x00000007b9c80000,0x00000007ba380000,0x00000007bcb00000)
  to   space 45568K, 0% used [0x00000007bd000000,0x00000007bd000000,0x00000007bfc80000)
 ParOldGen       total 354304K, used 255955K [0x0000000760000000, 0x0000000775a00000, 0x00000007a0000000)
  object space 354304K, 72% used [0x0000000760000000,0x000000076f9f4fd0,0x0000000775a00000)
 Metaspace       used 91520K, capacity 97938K, committed 98136K, reserved 1134592K
  class space    used 11607K, capacity 12653K, committed 12672K, reserved 1048576K
Event: 5731.290 GC heap after
Heap after GC invocations=86 (full 6):
 PSYoungGen      total 473088K, used 15899K [0x00000007a0000000, 0x00000007bf900000, 0x00000007c0000000)
  eden space 431104K, 0% used [0x00000007a0000000,0x00000007a0000000,0x00000007ba500000)
  from space 41984K, 37% used [0x00000007bd000000,0x00000007bdf86f10,0x00000007bf900000)
  to   space 43008K, 0% used [0x00000007ba500000,0x00000007ba500000,0x00000007bcf00000)
 ParOldGen       total 354304K, used 262486K [0x0000000760000000, 0x0000000775a00000, 0x00000007a0000000)
  object space 354304K, 74% used [0x0000000760000000,0x0000000770055b40,0x0000000775a00000)
 Metaspace       used 91520K, capacity 97938K, committed 98136K, reserved 1134592K
  class space    used 11607K, capacity 12653K, committed 12672K, reserved 1048576K
}
Event: 5732.143 GC heap before
{Heap before GC invocations=87 (full 6):
 PSYoungGen      total 473088K, used 447003K [0x00000007a0000000, 0x00000007bf900000, 0x00000007c0000000)
  eden space 431104K, 100% used [0x00000007a0000000,0x00000007ba500000,0x00000007ba500000)
  from space 41984K, 37% used [0x00000007bd000000,0x00000007bdf86f10,0x00000007bf900000)
  to   space 43008K, 0% used [0x00000007ba500000,0x00000007ba500000,0x00000007bcf00000)
 ParOldGen       total 354304K, used 262486K [0x0000000760000000, 0x0000000775a00000, 0x00000007a0000000)
  object space 354304K, 74% used [0x0000000760000000,0x0000000770055b40,0x0000000775a00000)
 Metaspace       used 91526K, capacity 97938K, committed 98136K, reserved 1134592K
  class space    used 11607K, capacity 12653K, committed 12672K, reserved 1048576K
Event: 5732.202 GC heap after
Heap after GC invocations=87 (full 6):
 PSYoungGen      total 474112K, used 14342K [0x00000007a0000000, 0x00000007bfc00000, 0x00000007c0000000)
  eden space 431104K, 0% used [0x00000007a0000000,0x00000007a0000000,0x00000007ba500000)
  from space 43008K, 33% used [0x00000007ba500000,0x00000007bb301908,0x00000007bcf00000)
  to   space 40448K, 0% used [0x00000007bd480000,0x00000007bd480000,0x00000007bfc00000)
 ParOldGen       total 354304K, used 268424K [0x0000000760000000, 0x0000000775a00000, 0x00000007a0000000)
  object space 354304K, 75% used [0x0000000760000000,0x0000000770622210,0x0000000775a00000)
 Metaspace       used 91526K, capacity 97938K, committed 98136K, reserved 1134592K
  class space    used 11607K, capacity 12653K, committed 12672K, reserved 1048576K
}
Event: 5733.009 GC heap before
{Heap before GC invocations=88 (full 6):
 PSYoungGen      total 474112K, used 445446K [0x00000007a0000000, 0x00000007bfc00000, 0x00000007c0000000)
  eden space 431104K, 100% used [0x00000007a0000000,0x00000007ba500000,0x00000007ba500000)
  from space 43008K, 33% used [0x00000007ba500000,0x00000007bb301908,0x00000007bcf00000)
  to   space 40448K, 0% used [0x00000007bd480000,0x00000007bd480000,0x00000007bfc00000)
 ParOldGen       total 354304K, used 268424K [0x0000000760000000, 0x0000000775a00000, 0x00000007a0000000)
  object space 354304K, 75% used [0x0000000760000000,0x0000000770622210,0x0000000775a00000)
 Metaspace       used 91528K, capacity 97942K, committed 98136K, reserved 1134592K
  class space    used 11607K, capacity 12653K, committed 12672K, reserved 1048576K
Event: 5733.032 GC heap after
Heap after GC invocations=88 (full 6):
 PSYoungGen      total 479744K, used 6602K [0x00000007a0000000, 0x00000007bfa80000, 0x00000007c0000000)
  eden space 440832K, 0% used [0x00000007a0000000,0x00000007a0000000,0x00000007bae80000)
  from space 38912K, 16% used [0x00000007bd480000,0x00000007bdaf2868,0x00000007bfa80000)
  to   space 38912K, 0% used [0x00000007bae80000,0x00000007bae80000,0x00000007bd480000)
 ParOldGen       total 354304K, used 279014K [0x0000000760000000, 0x0000000775a00000, 0x00000007a0000000)
  object space 354304K, 78% used [0x0000000760000000,0x0000000771079a48,0x0000000775a00000)
 Metaspace       used 91528K, capacity 97942K, committed 98136K, reserved 1134592K
  class space    used 11607K, capacity 12653K, committed 12672K, reserved 1048576K
}
Event: 5733.888 GC heap before
{Heap before GC invocations=89 (full 6):
 PSYoungGen      total 479744K, used 447434K [0x00000007a0000000, 0x00000007bfa80000, 0x00000007c0000000)
  eden space 440832K, 100% used [0x00000007a0000000,0x00000007bae80000,0x00000007bae80000)
  from space 38912K, 16% used [0x00000007bd480000,0x00000007bdaf2868,0x00000007bfa80000)
  to   space 38912K, 0% used [0x00000007bae80000,0x00000007bae80000,0x00000007bd480000)
 ParOldGen       total 354304K, used 279014K [0x0000000760000000, 0x0000000775a00000, 0x00000007a0000000)
  object space 354304K, 78% used [0x0000000760000000,0x0000000771079a48,0x0000000775a00000)
 Metaspace       used 91528K, capacity 97942K, committed 98136K, reserved 1134592K
  class space    used 11607K, capacity 12653K, committed 12672K, reserved 1048576K
Event: 5733.923 GC heap after
Heap after GC invocations=89 (full 6):
 PSYoungGen      total 479744K, used 27364K [0x00000007a0000000, 0x00000007c0000000, 0x00000007c0000000)
  eden space 440832K, 0% used [0x00000007a0000000,0x00000007a0000000,0x00000007bae80000)
  from space 38912K, 70% used [0x00000007bae80000,0x00000007bc939028,0x00000007bd480000)
  to   space 41472K, 0% used [0x00000007bd780000,0x00000007bd780000,0x00000007c0000000)
 ParOldGen       total 354304K, used 284060K [0x0000000760000000, 0x0000000775a00000, 0x00000007a0000000)
  object space 354304K, 80% used [0x0000000760000000,0x0000000771567178,0x0000000775a00000)
 Metaspace       used 91528K, capacity 97942K, committed 98136K, reserved 1134592K
  class space    used 11607K, capacity 12653K, committed 12672K, reserved 1048576K
}
Event: 5734.507 GC heap before
{Heap before GC invocations=90 (full 6):
 PSYoungGen      total 479744K, used 468196K [0x00000007a0000000, 0x00000007c0000000, 0x00000007c0000000)
  eden space 440832K, 100% used [0x00000007a0000000,0x00000007bae80000,0x00000007bae80000)
  from space 38912K, 70% used [0x00000007bae80000,0x00000007bc939028,0x00000007bd480000)
  to   space 41472K, 0% used [0x00000007bd780000,0x00000007bd780000,0x00000007c0000000)
 ParOldGen       total 354304K, used 284060K [0x0000000760000000, 0x0000000775a00000, 0x00000007a0000000)
  object space 354304K, 80% used [0x0000000760000000,0x0000000771567178,0x0000000775a00000)
 Metaspace       used 91528K, capacity 97942K, committed 98136K, reserved 1134592K
  class space    used 11607K, capacity 12653K, committed 12672K, reserved 1048576K

